0 info it worked if it ends with ok
1 verbose cli [ '/usr/bin/nodejs', '/usr/bin/npm', 'publish' ]
2 info using npm@3.10.10
3 info using node@v6.9.4
4 verbose publish [ '.' ]
5 silly cache add args [ '.', null ]
6 verbose cache add spec .
7 silly cache add parsed spec Result {
7 silly cache add   raw: '.',
7 silly cache add   scope: null,
7 silly cache add   escapedName: null,
7 silly cache add   name: null,
7 silly cache add   rawSpec: '.',
7 silly cache add   spec: '/home/diko/Work/libdom',
7 silly cache add   type: 'directory' }
8 verbose addLocalDirectory /home/diko/.npm/libdom/0.4.2/package.tgz not in flight; packing
9 verbose correctMkdir /home/diko/.npm correctMkdir not in flight; initializing
10 info lifecycle libdom@0.4.2~prepublish: libdom@0.4.2
11 silly lifecycle libdom@0.4.2~prepublish: no script for prepublish, continuing
12 verbose tar pack [ '/home/diko/.npm/libdom/0.4.2/package.tgz',
12 verbose tar pack   '/home/diko/Work/libdom' ]
13 verbose tarball /home/diko/.npm/libdom/0.4.2/package.tgz
14 verbose folder /home/diko/Work/libdom
15 verbose addLocalTarball adding from inside cache /home/diko/.npm/libdom/0.4.2/package.tgz
16 verbose correctMkdir /home/diko/.npm correctMkdir not in flight; initializing
17 silly cache afterAdd libdom@0.4.2
18 verbose afterAdd /home/diko/.npm/libdom/0.4.2/package/package.json not in flight; writing
19 verbose correctMkdir /home/diko/.npm correctMkdir not in flight; initializing
20 verbose afterAdd /home/diko/.npm/libdom/0.4.2/package/package.json written
21 silly publish { name: 'libdom',
21 silly publish   version: '0.4.2',
21 silly publish   description: 'Lean Browser Library for typical DOM operations',
21 silly publish   main: 'dist/index.js',
21 silly publish   scripts:
21 silly publish    { test: 'echo "Error: no test specified" && exit 1',
21 silly publish      prestart: 'webpack --hide-modules',
21 silly publish      start: 'node webpack.dev.server.js',
21 silly publish      build: 'BUILD_MODE=production && node_modules/.bin/webpack --hide-modules',
21 silly publish      'build-optimized': 'BUILD_MODE=compressed && node_modules/.bin/webpack --hide-modules' },
21 silly publish   repository:
21 silly publish    { type: 'git',
21 silly publish      url: 'git+https://github.com/diko316/libdom.git' },
21 silly publish   keywords: [ 'DOM', 'HTML', 'HTML5', 'XHTML', 'Browser', 'Cross-browser' ],
21 silly publish   author: { name: 'Diko Tech Slave' },
21 silly publish   license: 'MIT',
21 silly publish   bugs: { url: 'https://github.com/diko316/libdom/issues' },
21 silly publish   homepage: 'https://github.com/diko316/libdom#readme',
21 silly publish   devDependencies:
21 silly publish    { 'css-loader': '^0.25.0',
21 silly publish      eslint: '^3.6.0',
21 silly publish      'eslint-loader': '^1.5.0',
21 silly publish      express: '^4.14.0',
21 silly publish      'es3ify-webpack-plugin': '0.0.1',
21 silly publish      'extract-text-webpack-plugin': '^1.0.1',
21 silly publish      'file-loader': '^0.9.0',
21 silly publish      'html-loader': '^0.4.4',
21 silly publish      'html-webpack-plugin': '^2.22.0',
21 silly publish      'json-loader': '^0.5.4',
21 silly publish      less: '^2.7.1',
21 silly publish      'less-loader': '^2.2.3',
21 silly publish      'style-loader': '^0.13.1',
21 silly publish      'url-loader': '^0.5.7',
21 silly publish      webpack: '^1.13.2',
21 silly publish      'webpack-dev-middleware': '^1.8.2',
21 silly publish      'webpack-dev-server': '^1.16.1',
21 silly publish      'webpack-hot-middleware': '^2.12.2' },
21 silly publish   dependencies: { libcore: '0.2.8' },
21 silly publish   readme: '# libdom\nLean Browser Library for typical DOM operations tested to run in IE8 up to the modern browsers.\nThis will be used to kick-start in creating libraries running in a browser platform.\n\n## Installation\n\nThis library is packaged by npm, so it can be installed by running code below.\n\n```shell\nnpm install libdom --save\n```\n\n### Webpack and other CommonJS setup\n\n**libdom** can be required directly within webpack or browserify.\n```javascript\nvar libdom = require("libdom");\n\nlibdom.on(global.document,\n        "load",\n        function (event) {\n            console.log(\'okay, got it! \', event.target);\n        });\n```\n\n### Directly embed script in HTML\n**libdom** can also be directly embedded in HTML.\n\n```html\n<!doctype >\n\n<html>\n<head>\n    <title>Test Libdom</title>\n</head>\n<body>\n    <script src="node_modules/libdom/dist/libdom.min.js" type="text/javascript" charset="utf-8"></script>\n</body>\n</html>\n```\n\nNon-minified version of **libdom** is located in `node_modules/libdom/dist/libdom.js`.\n\n\n> More documentations to come later.\n\n## License\n\nThis Project is fully Open Source [MIT](https://opensource.org/licenses/MIT) licensed.\n',
21 silly publish   readmeFilename: 'README.md',
21 silly publish   gitHead: '90a07a7519a3a82fb22eeaf9f9eb2440e7a9e61c',
21 silly publish   _id: 'libdom@0.4.2',
21 silly publish   _shasum: 'bc3a76349c26b3dc18a19872f57733a7594994bd',
21 silly publish   _from: '.' }
22 verbose getPublishConfig undefined
23 silly mapToRegistry name libdom
24 silly mapToRegistry using default registry
25 silly mapToRegistry registry https://registry.npmjs.org/
26 silly mapToRegistry data Result {
26 silly mapToRegistry   raw: 'libdom',
26 silly mapToRegistry   scope: null,
26 silly mapToRegistry   escapedName: 'libdom',
26 silly mapToRegistry   name: 'libdom',
26 silly mapToRegistry   rawSpec: '',
26 silly mapToRegistry   spec: 'latest',
26 silly mapToRegistry   type: 'tag' }
27 silly mapToRegistry uri https://registry.npmjs.org/libdom
28 verbose publish registryBase https://registry.npmjs.org/
29 silly publish uploading /home/diko/.npm/libdom/0.4.2/package.tgz
30 verbose request uri https://registry.npmjs.org/libdom
31 verbose request sending authorization for write operation
32 info attempt registry request try #1 at 9:01:37 AM
33 verbose request using bearer token for auth
34 verbose request id f250819090197e99
35 http request PUT https://registry.npmjs.org/libdom
36 http 403 https://registry.npmjs.org/libdom
37 verbose headers { 'content-type': 'application/json',
37 verbose headers   'cache-control': 'max-age=300',
37 verbose headers   'content-length': '95',
37 verbose headers   'accept-ranges': 'bytes',
37 verbose headers   date: 'Fri, 20 Jan 2017 01:01:44 GMT',
37 verbose headers   via: '1.1 varnish',
37 verbose headers   connection: 'keep-alive',
37 verbose headers   'x-served-by': 'cache-hkg6824-HKG',
37 verbose headers   'x-cache': 'MISS',
37 verbose headers   'x-cache-hits': '0',
37 verbose headers   'x-timer': 'S1484874102.698227,VS0,VE1578',
37 verbose headers   vary: 'Accept-Encoding' }
38 verbose request invalidating /home/diko/.npm/registry.npmjs.org/libdom on PUT
39 error publish Failed PUT 403
40 verbose stack Error: "You cannot publish over the previously published version 0.4.2." : libdom
40 verbose stack     at makeError (/usr/lib/node_modules/npm/node_modules/npm-registry-client/lib/request.js:302:12)
40 verbose stack     at CachingRegistryClient.<anonymous> (/usr/lib/node_modules/npm/node_modules/npm-registry-client/lib/request.js:290:14)
40 verbose stack     at Request._callback (/usr/lib/node_modules/npm/node_modules/npm-registry-client/lib/request.js:210:14)
40 verbose stack     at Request.self.callback (/usr/lib/node_modules/npm/node_modules/request/request.js:187:22)
40 verbose stack     at emitTwo (events.js:106:13)
40 verbose stack     at Request.emit (events.js:191:7)
40 verbose stack     at Request.<anonymous> (/usr/lib/node_modules/npm/node_modules/request/request.js:1048:10)
40 verbose stack     at emitOne (events.js:96:13)
40 verbose stack     at Request.emit (events.js:188:7)
40 verbose stack     at IncomingMessage.<anonymous> (/usr/lib/node_modules/npm/node_modules/request/request.js:969:12)
41 verbose statusCode 403
42 verbose pkgid libdom
43 verbose cwd /home/diko/Work/libdom
44 error Linux 4.4.0-59-generic
45 error argv "/usr/bin/nodejs" "/usr/bin/npm" "publish"
46 error node v6.9.4
47 error npm  v3.10.10
48 error code E403
49 error "You cannot publish over the previously published version 0.4.2." : libdom
50 error If you need help, you may report this error at:
50 error     <https://github.com/npm/npm/issues>
51 verbose exit [ 1, true ]
